<?xml version="1.0" encoding="UTF-8"?>
<testsuite xmlns:xsi="http://www.w3.org/2001/XMLSchema-instance" xsi:noNamespaceSchemaLocation="https://maven.apache.org/surefire/maven-surefire-plugin/xsd/surefire-test-report-3.0.xsd" version="3.0" name="StringCalculatorTest" time="0.6" tests="10" errors="0" skipped="0" failures="0">
  <properties>
[...]
</properties>
  <testcase name="testAddStringUnknownNumber" classname="StringCalculatorTest" time="0.522"/>
  <testcase name="testAddHandlesDelimiters" classname="StringCalculatorTest" time="0.002"/>
  <testcase name="testAddHandlesNewlineSeparator" classname="StringCalculatorTest" time="0.002"/>
  <testcase name="testMultipleInputs" classname="StringCalculatorTest" time="0.004">
    <system-out><![CDATA[scalc scalc ]]></system-out>
  </testcase>
  <testcase name="testAddString" classname="StringCalculatorTest" time="0.001"/>
  <testcase name="testComplexInput" classname="StringCalculatorTest" time="0.001"/>
  <testcase name="testNegativeNumberException" classname="StringCalculatorTest" time="0.007"/>
  <testcase name="testUserInput" classname="StringCalculatorTest" time="0.003">
    <system-out><![CDATA[scalc ]]></system-out>
  </testcase>
  <testcase name="testWelcomeMessage" classname="StringCalculatorTest" time="0.001"/>
  <testcase name="testBigNumberLog" classname="StringCalculatorTest" time="0.019"/>
</testsuite>